<?xml version="1.0" encoding="UTF-8"?>
<testng-results ignored="0" total="1" passed="0" failed="0" skipped="1">
  <reporter-output>
  </reporter-output>
  <suite started-at="2023-02-20T16:46:49 IST" name="Default suite" finished-at="2023-02-20T16:46:49 IST" duration-ms="137">
    <groups>
    </groups>
    <test started-at="2023-02-20T16:46:49 IST" name="Default test" finished-at="2023-02-20T16:46:49 IST" duration-ms="137">
      <class name="ParelleEx.CrossBrowsre">
        <test-method is-config="true" signature="launchBrowser(java.lang.String)[pri:0, instance:ParelleEx.CrossBrowsre@2145b572]" started-at="2023-02-20T16:46:49 IST" name="launchBrowser" finished-at="1970-01-01T05:30:00 IST" duration-ms="-1676891809848" status="FAIL">
          <exception class="org.testng.TestNGException">
            <message>
              <![CDATA[
Parameter 'browser123' is required by BeforeTest on method launchBrowser but has not been marked @Optional or defined
in C:\Users\sanke\AppData\Local\Temp\testng-eclipse-134133889\testng-customsuite.xml]]>
            </message>
            <full-stacktrace>
              <![CDATA[org.testng.TestNGException: 
Parameter 'browser123' is required by BeforeTest on method launchBrowser but has not been marked @Optional or defined
in C:\Users\sanke\AppData\Local\Temp\testng-eclipse-134133889\testng-customsuite.xml
at org.testng.internal.Parameters.createParams(Parameters.java:270)
at org.testng.internal.Parameters.createParametersForMethod(Parameters.java:358)
at org.testng.internal.Parameters.createParameters(Parameters.java:700)
at org.testng.internal.Parameters.createConfigurationParameters(Parameters.java:168)
at org.testng.internal.ConfigInvoker.invokeConfigurations(ConfigInvoker.java:302)
at org.testng.TestRunner.invokeTestConfigurations(TestRunner.java:637)
at org.testng.TestRunner.beforeRun(TestRunner.java:627)
at org.testng.TestRunner.run(TestRunner.java:589)
at org.testng.SuiteRunner.runTest(SuiteRunner.java:377)
at org.testng.SuiteRunner.runSequentially(SuiteRunner.java:371)
at org.testng.SuiteRunner.privateRun(SuiteRunner.java:332)
at org.testng.SuiteRunner.run(SuiteRunner.java:276)
at org.testng.SuiteRunnerWorker.runSuite(SuiteRunnerWorker.java:53)
at org.testng.SuiteRunnerWorker.run(SuiteRunnerWorker.java:96)
at org.testng.TestNG.runSuitesSequentially(TestNG.java:1212)
at org.testng.TestNG.runSuitesLocally(TestNG.java:1134)
at org.testng.TestNG.runSuites(TestNG.java:1063)
at org.testng.TestNG.run(TestNG.java:1031)
at org.testng.remote.AbstractRemoteTestNG.run(AbstractRemoteTestNG.java:115)
at org.testng.remote.RemoteTestNG.initAndRun(RemoteTestNG.java:251)
at org.testng.remote.RemoteTestNG.main(RemoteTestNG.java:77)
]]>
            </full-stacktrace>
          </exception> <!-- org.testng.TestNGException -->
          <reporter-output>
          </reporter-output>
        </test-method> <!-- launchBrowser -->
        <test-method is-config="true" signature="CreatPOMObjects()[pri:0, instance:ParelleEx.CrossBrowsre@2145b572]" started-at="2023-02-20T16:46:49 IST" name="CreatPOMObjects" finished-at="1970-01-01T05:30:00 IST" duration-ms="-1676891809889" status="SKIP">
          <reporter-output>
          </reporter-output>
        </test-method> <!-- CreatPOMObjects -->
        <test-method is-config="true" signature="beforeMethod()[pri:0, instance:ParelleEx.CrossBrowsre@2145b572]" started-at="2023-02-20T16:46:49 IST" name="beforeMethod" finished-at="1970-01-01T05:30:00 IST" duration-ms="-1676891809931" status="SKIP">
          <reporter-output>
          </reporter-output>
        </test-method> <!-- beforeMethod -->
        <test-method signature="test1()[pri:0, instance:ParelleEx.CrossBrowsre@2145b572]" started-at="2023-02-20T16:46:49 IST" name="test1" finished-at="2023-02-20T16:46:49 IST" duration-ms="0" status="SKIP">
          <exception class="org.testng.TestNGException">
            <message>
              <![CDATA[
Parameter 'browser123' is required by BeforeTest on method launchBrowser but has not been marked @Optional or defined
in C:\Users\sanke\AppData\Local\Temp\testng-eclipse-134133889\testng-customsuite.xml]]>
            </message>
            <full-stacktrace>
              <![CDATA[org.testng.TestNGException: 
Parameter 'browser123' is required by BeforeTest on method launchBrowser but has not been marked @Optional or defined
in C:\Users\sanke\AppData\Local\Temp\testng-eclipse-134133889\testng-customsuite.xml
at org.testng.internal.Parameters.createParams(Parameters.java:270)
at org.testng.internal.Parameters.createParametersForMethod(Parameters.java:358)
at org.testng.internal.Parameters.createParameters(Parameters.java:700)
at org.testng.internal.Parameters.createConfigurationParameters(Parameters.java:168)
at org.testng.internal.ConfigInvoker.invokeConfigurations(ConfigInvoker.java:302)
at org.testng.TestRunner.invokeTestConfigurations(TestRunner.java:637)
at org.testng.TestRunner.beforeRun(TestRunner.java:627)
at org.testng.TestRunner.run(TestRunner.java:589)
at org.testng.SuiteRunner.runTest(SuiteRunner.java:377)
at org.testng.SuiteRunner.runSequentially(SuiteRunner.java:371)
at org.testng.SuiteRunner.privateRun(SuiteRunner.java:332)
at org.testng.SuiteRunner.run(SuiteRunner.java:276)
at org.testng.SuiteRunnerWorker.runSuite(SuiteRunnerWorker.java:53)
at org.testng.SuiteRunnerWorker.run(SuiteRunnerWorker.java:96)
at org.testng.TestNG.runSuitesSequentially(TestNG.java:1212)
at org.testng.TestNG.runSuitesLocally(TestNG.java:1134)
at org.testng.TestNG.runSuites(TestNG.java:1063)
at org.testng.TestNG.run(TestNG.java:1031)
at org.testng.remote.AbstractRemoteTestNG.run(AbstractRemoteTestNG.java:115)
at org.testng.remote.RemoteTestNG.initAndRun(RemoteTestNG.java:251)
at org.testng.remote.RemoteTestNG.main(RemoteTestNG.java:77)
]]>
            </full-stacktrace>
          </exception> <!-- org.testng.TestNGException -->
          <reporter-output>
          </reporter-output>
        </test-method> <!-- test1 -->
        <test-method is-config="true" signature="afterMethod(org.testng.ITestResult)[pri:0, instance:ParelleEx.CrossBrowsre@2145b572]" started-at="2023-02-20T16:46:49 IST" name="afterMethod" finished-at="1970-01-01T05:30:00 IST" duration-ms="-1676891809944" status="SKIP">
          <reporter-output>
          </reporter-output>
        </test-method> <!-- afterMethod -->
        <test-method is-config="true" signature="test123()[pri:0, instance:ParelleEx.CrossBrowsre@2145b572]" started-at="2023-02-20T16:46:49 IST" name="test123" finished-at="1970-01-01T05:30:00 IST" duration-ms="-1676891809947" status="SKIP">
          <reporter-output>
          </reporter-output>
        </test-method> <!-- test123 -->
        <test-method is-config="true" signature="afterClass()[pri:0, instance:ParelleEx.CrossBrowsre@2145b572]" started-at="2023-02-20T16:46:49 IST" name="afterClass" finished-at="1970-01-01T05:30:00 IST" duration-ms="-1676891809977" status="SKIP">
          <reporter-output>
          </reporter-output>
        </test-method> <!-- afterClass -->
      </class> <!-- ParelleEx.CrossBrowsre -->
    </test> <!-- Default test -->
  </suite> <!-- Default suite -->
</testng-results>
