<?xml version="1.0" encoding="UTF-8"?>
<!-- Generated by org.testng.reporters.JUnitReportReporter -->
<testsuite hostname="Sanket_Bhosale" failures="0" tests="5" name="ParelleEx.TestNgPack123" time="7.725" errors="1" timestamp="2023-02-10T15:35:23 IST" skipped="2">
  <testcase classname="ParelleEx.TestNgPack123" name="verifyPrivacyPolicyLinkOnSignUpForm" time="0.000">
    <skipped/>
  </testcase> <!-- verifyPrivacyPolicyLinkOnSignUpForm -->
  <system-out/>
  <testcase classname="ParelleEx.TestNgPack123" name="verifyTermLinkOnSignUpForm" time="0.000">
    <skipped/>
  </testcase> <!-- verifyTermLinkOnSignUpForm -->
  <system-out/>
  <testcase classname="ParelleEx.TestNgPack123" name="verifyPrivacyPolicyLinkOnSignUpForm" time="3.632"/>
  <system-out/>
  <testcase classname="ParelleEx.TestNgPack123" name="verifyTermLinkOnSignUpForm" time="2.415"/>
  <system-out/>
  <testcase classname="ParelleEx.TestNgPack123" name="launchBrowser" time="1.678">
    <error message="session not created: This version of ChromeDriver only supports Chrome version 108
Current browser version is 110.0.5481.77 with binary path C:\Program Files\Google\Chrome\Application\chrome.exe
Build info: version: &#039;3.141.59&#039;, revision: &#039;e82be7d358&#039;, time: &#039;2018-11-14T08:17:03&#039;
System info: host: &#039;SANKET_BHOSALE&#039;, ip: &#039;192.168.106.174&#039;, os.name: &#039;Windows 11&#039;, os.arch: &#039;amd64&#039;, os.version: &#039;10.0&#039;, java.version: &#039;17.0.4.1&#039;
Driver info: driver.version: ChromeDriver
remote stacktrace: Backtrace:
	(No symbol) [0x00F3F243]
	(No symbol) [0x00EC7FD1]
	(No symbol) [0x00DBD04D]
	(No symbol) [0x00DDF6B4]
	(No symbol) [0x00DDA97C]
	(No symbol) [0x00DD82E9]
	(No symbol) [0x00E0F056]
	(No symbol) [0x00E0EB2A]
	(No symbol) [0x00E08386]
	(No symbol) [0x00DE163C]
	(No symbol) [0x00DE269D]
	GetHandleVerifier [0x011D9A22+2655074]
	GetHandleVerifier [0x011CCA24+2601828]
	GetHandleVerifier [0x00FE8C0A+619850]
	GetHandleVerifier [0x00FE7830+614768]
	(No symbol) [0x00ED05FC]
	(No symbol) [0x00ED5968]
	(No symbol) [0x00ED5A55]
	(No symbol) [0x00EE051B]
	BaseThreadInitThunk [0x76ED7D69+25]
	RtlInitializeExceptionChain [0x779FBB9B+107]
	RtlClearBits [0x779FBB1F+191]
" type="org.openqa.selenium.SessionNotCreatedException">
      <![CDATA[org.openqa.selenium.SessionNotCreatedException: session not created: This version of ChromeDriver only supports Chrome version 108
Current browser version is 110.0.5481.77 with binary path C:\Program Files\Google\Chrome\Application\chrome.exe
Build info: version: '3.141.59', revision: 'e82be7d358', time: '2018-11-14T08:17:03'
System info: host: 'SANKET_BHOSALE', ip: '192.168.106.174', os.name: 'Windows 11', os.arch: 'amd64', os.version: '10.0', java.version: '17.0.4.1'
Driver info: driver.version: ChromeDriver
remote stacktrace: Backtrace:
(No symbol) [0x00F3F243]
(No symbol) [0x00EC7FD1]
(No symbol) [0x00DBD04D]
(No symbol) [0x00DDF6B4]
(No symbol) [0x00DDA97C]
(No symbol) [0x00DD82E9]
(No symbol) [0x00E0F056]
(No symbol) [0x00E0EB2A]
(No symbol) [0x00E08386]
(No symbol) [0x00DE163C]
(No symbol) [0x00DE269D]
GetHandleVerifier [0x011D9A22+2655074]
GetHandleVerifier [0x011CCA24+2601828]
GetHandleVerifier [0x00FE8C0A+619850]
GetHandleVerifier [0x00FE7830+614768]
(No symbol) [0x00ED05FC]
(No symbol) [0x00ED5968]
(No symbol) [0x00ED5A55]
(No symbol) [0x00EE051B]
BaseThreadInitThunk [0x76ED7D69+25]
RtlInitializeExceptionChain [0x779FBB9B+107]
RtlClearBits [0x779FBB1F+191]

at java.base/jdk.internal.reflect.NativeConstructorAccessorImpl.newInstance0(Native Method)
at java.base/jdk.internal.reflect.NativeConstructorAccessorImpl.newInstance(NativeConstructorAccessorImpl.java:77)
at java.base/jdk.internal.reflect.DelegatingConstructorAccessorImpl.newInstance(DelegatingConstructorAccessorImpl.java:45)
at java.base/java.lang.reflect.Constructor.newInstanceWithCaller(Constructor.java:499)
at java.base/java.lang.reflect.Constructor.newInstance(Constructor.java:480)
at org.openqa.selenium.remote.W3CHandshakeResponse.lambda$errorHandler$0(W3CHandshakeResponse.java:62)
at org.openqa.selenium.remote.HandshakeResponse.lambda$getResponseFunction$0(HandshakeResponse.java:30)
at org.openqa.selenium.remote.ProtocolHandshake.lambda$createSession$0(ProtocolHandshake.java:126)
at java.base/java.util.stream.ReferencePipeline$3$1.accept(ReferencePipeline.java:197)
at java.base/java.util.Spliterators$ArraySpliterator.tryAdvance(Spliterators.java:1002)
at java.base/java.util.stream.ReferencePipeline.forEachWithCancel(ReferencePipeline.java:129)
at java.base/java.util.stream.AbstractPipeline.copyIntoWithCancel(AbstractPipeline.java:527)
at java.base/java.util.stream.AbstractPipeline.copyInto(AbstractPipeline.java:513)
at java.base/java.util.stream.AbstractPipeline.wrapAndCopyInto(AbstractPipeline.java:499)
at java.base/java.util.stream.FindOps$FindOp.evaluateSequential(FindOps.java:150)
at java.base/java.util.stream.AbstractPipeline.evaluate(AbstractPipeline.java:234)
at java.base/java.util.stream.ReferencePipeline.findFirst(ReferencePipeline.java:647)
at org.openqa.selenium.remote.ProtocolHandshake.createSession(ProtocolHandshake.java:128)
at org.openqa.selenium.remote.ProtocolHandshake.createSession(ProtocolHandshake.java:74)
at org.openqa.selenium.remote.HttpCommandExecutor.execute(HttpCommandExecutor.java:136)
at org.openqa.selenium.remote.service.DriverCommandExecutor.execute(DriverCommandExecutor.java:83)
at org.openqa.selenium.remote.RemoteWebDriver.execute(RemoteWebDriver.java:552)
at org.openqa.selenium.remote.RemoteWebDriver.startSession(RemoteWebDriver.java:213)
at org.openqa.selenium.remote.RemoteWebDriver.<init>(RemoteWebDriver.java:131)
at org.openqa.selenium.chrome.ChromeDriver.<init>(ChromeDriver.java:181)
at org.openqa.selenium.chrome.ChromeDriver.<init>(ChromeDriver.java:168)
at org.openqa.selenium.chrome.ChromeDriver.<init>(ChromeDriver.java:123)
at Base.Browser.openChromeBrowser(Browser.java:12)
at ParelleEx.TestNgPack123.launchBrowser(TestNgPack123.java:33)
at java.base/jdk.internal.reflect.NativeMethodAccessorImpl.invoke0(Native Method)
at java.base/jdk.internal.reflect.NativeMethodAccessorImpl.invoke(NativeMethodAccessorImpl.java:77)
at java.base/jdk.internal.reflect.DelegatingMethodAccessorImpl.invoke(DelegatingMethodAccessorImpl.java:43)
at java.base/java.lang.reflect.Method.invoke(Method.java:568)
at org.testng.internal.MethodInvocationHelper.invokeMethod(MethodInvocationHelper.java:133)
at org.testng.internal.MethodInvocationHelper.invokeMethodConsideringTimeout(MethodInvocationHelper.java:62)
at org.testng.internal.ConfigInvoker.invokeConfigurationMethod(ConfigInvoker.java:385)
at org.testng.internal.ConfigInvoker.invokeConfigurations(ConfigInvoker.java:321)
at org.testng.TestRunner.invokeTestConfigurations(TestRunner.java:637)
at org.testng.TestRunner.beforeRun(TestRunner.java:627)
at org.testng.TestRunner.run(TestRunner.java:589)
at org.testng.SuiteRunner.runTest(SuiteRunner.java:377)
at org.testng.SuiteRunner.runSequentially(SuiteRunner.java:371)
at org.testng.SuiteRunner.privateRun(SuiteRunner.java:332)
at org.testng.SuiteRunner.run(SuiteRunner.java:276)
at org.testng.SuiteRunnerWorker.runSuite(SuiteRunnerWorker.java:53)
at org.testng.SuiteRunnerWorker.run(SuiteRunnerWorker.java:96)
at org.testng.TestNG.runSuitesSequentially(TestNG.java:1212)
at org.testng.TestNG.runSuitesLocally(TestNG.java:1134)
at org.testng.TestNG.runSuites(TestNG.java:1063)
at org.testng.TestNG.run(TestNG.java:1031)
at org.testng.remote.AbstractRemoteTestNG.run(AbstractRemoteTestNG.java:115)
at org.testng.remote.RemoteTestNG.initAndRun(RemoteTestNG.java:251)
at org.testng.remote.RemoteTestNG.main(RemoteTestNG.java:77)
]]>
    </error>
  </testcase> <!-- launchBrowser -->
  <system-out/>
</testsuite> <!-- ParelleEx.TestNgPack123 -->
